{
  "/home/besquiros/projects/oc/project_4/front/src/polyfills.ts": {
    "path": "/home/besquiros/projects/oc/project_4/front/src/polyfills.ts",
    "statementMap": {},
    "fnMap": {},
    "branchMap": {},
    "s": {},
    "f": {},
    "b": {},
    "inputSourceMap": {
      "version": 3,
      "names": [],
      "sources": [
        "/home/besquiros/projects/oc/project_4/front/src/polyfills.ts"
      ],
      "sourcesContent": [
        "/**\n * This file includes polyfills needed by Angular and is loaded before the app.\n * You can add your own extra polyfills to this file.\n *\n * This file is divided into 2 sections:\n *   1. Browser polyfills. These are applied before loading ZoneJS and are sorted by browsers.\n *   2. Application imports. Files imported after ZoneJS that should be loaded before your main\n *      file.\n *\n * The current setup is for so-called \"evergreen\" browsers; the last versions of browsers that\n * automatically update themselves. This includes recent versions of Safari, Chrome (including\n * Opera), Edge on the desktop, and iOS and Chrome on mobile.\n *\n * Learn more in https://angular.io/guide/browser-support\n */\n\n/***************************************************************************************************\n * BROWSER POLYFILLS\n */\n\n/**\n * By default, zone.js will patch all possible macroTask and DomEvents\n * user can disable parts of macroTask/DomEvents patch by setting following flags\n * because those flags need to be set before `zone.js` being loaded, and webpack\n * will put import in the top of bundle, so user need to create a separate file\n * in this directory (for example: zone-flags.ts), and put the following flags\n * into that file, and then add the following code before importing zone.js.\n * import './zone-flags';\n *\n * The flags allowed in zone-flags.ts are listed here.\n *\n * The following flags will work for all browsers.\n *\n * (window as any).__Zone_disable_requestAnimationFrame = true; // disable patch requestAnimationFrame\n * (window as any).__Zone_disable_on_property = true; // disable patch onProperty such as onclick\n * (window as any).__zone_symbol__UNPATCHED_EVENTS = ['scroll', 'mousemove']; // disable patch specified eventNames\n *\n *  in IE/Edge developer tools, the addEventListener will also be wrapped by zone.js\n *  with the following flag, it will bypass `zone.js` patch for IE/Edge\n *\n *  (window as any).__Zone_enable_cross_context_check = true;\n *\n */\n\n/***************************************************************************************************\n * Zone JS is required by default for Angular itself.\n */\nimport 'zone.js';  // Included with Angular CLI.\n\n\n/***************************************************************************************************\n * APPLICATION IMPORTS\n */\n"
      ],
      "mappings": "AAAA;;;;;;;;;;;;;;;AAgBA;;;AAIA;;;;;;;;;;;;;;;;;;;;;;;AAwBA;;;AAGA,OAAO,SAAS,CAAC,CAAE;AAGnB",
      "ignoreList": []
    },
    "_coverageSchema": "1a1c01bbd47fc00a2c39e90264f33305004495a9",
    "hash": "53a236cb777d7d1d114050fdb6b0dbc3ae34d9b1"
  },
  "/home/besquiros/projects/oc/project_4/front/src/app/core/service/session.service.ts": {
    "path": "/home/besquiros/projects/oc/project_4/front/src/app/core/service/session.service.ts",
    "statementMap": {
      "0": {
        "start": {
          "line": 3,
          "column": 41
        },
        "end": {
          "line": 34,
          "column": 4
        }
      },
      "1": {
        "start": {
          "line": 5,
          "column": 15
        },
        "end": {
          "line": 5,
          "column": 20
        }
      },
      "2": {
        "start": {
          "line": 7,
          "column": 22
        },
        "end": {
          "line": 7,
          "column": 56
        }
      },
      "3": {
        "start": {
          "line": 9,
          "column": 6
        },
        "end": {
          "line": 9,
          "column": 49
        }
      },
      "4": {
        "start": {
          "line": 12,
          "column": 6
        },
        "end": {
          "line": 12,
          "column": 37
        }
      },
      "5": {
        "start": {
          "line": 13,
          "column": 6
        },
        "end": {
          "line": 13,
          "column": 27
        }
      },
      "6": {
        "start": {
          "line": 14,
          "column": 6
        },
        "end": {
          "line": 14,
          "column": 18
        }
      },
      "7": {
        "start": {
          "line": 17,
          "column": 6
        },
        "end": {
          "line": 17,
          "column": 42
        }
      },
      "8": {
        "start": {
          "line": 18,
          "column": 6
        },
        "end": {
          "line": 18,
          "column": 28
        }
      },
      "9": {
        "start": {
          "line": 19,
          "column": 6
        },
        "end": {
          "line": 19,
          "column": 18
        }
      },
      "10": {
        "start": {
          "line": 22,
          "column": 6
        },
        "end": {
          "line": 22,
          "column": 47
        }
      },
      "11": {
        "start": {
          "line": 24,
          "column": 18
        },
        "end": {
          "line": 26,
          "column": 5
        }
      },
      "12": {
        "start": {
          "line": 25,
          "column": 6
        },
        "end": {
          "line": 25,
          "column": 57
        }
      },
      "13": {
        "start": {
          "line": 27,
          "column": 32
        },
        "end": {
          "line": 31,
          "column": 6
        }
      },
      "14": {
        "start": {
          "line": 33,
          "column": 2
        },
        "end": {
          "line": 33,
          "column": 24
        }
      }
    },
    "fnMap": {
      "0": {
        "name": "(anonymous_0)",
        "decl": {
          "start": {
            "line": 3,
            "column": 42
          },
          "end": {
            "line": 3,
            "column": 43
          }
        },
        "loc": {
          "start": {
            "line": 3,
            "column": 48
          },
          "end": {
            "line": 34,
            "column": 1
          }
        },
        "line": 3
      },
      "1": {
        "name": "(anonymous_1)",
        "decl": {
          "start": {
            "line": 8,
            "column": 4
          },
          "end": {
            "line": 8,
            "column": 5
          }
        },
        "loc": {
          "start": {
            "line": 8,
            "column": 16
          },
          "end": {
            "line": 10,
            "column": 5
          }
        },
        "line": 8
      },
      "2": {
        "name": "(anonymous_2)",
        "decl": {
          "start": {
            "line": 11,
            "column": 4
          },
          "end": {
            "line": 11,
            "column": 5
          }
        },
        "loc": {
          "start": {
            "line": 11,
            "column": 16
          },
          "end": {
            "line": 15,
            "column": 5
          }
        },
        "line": 11
      },
      "3": {
        "name": "(anonymous_3)",
        "decl": {
          "start": {
            "line": 16,
            "column": 4
          },
          "end": {
            "line": 16,
            "column": 5
          }
        },
        "loc": {
          "start": {
            "line": 16,
            "column": 13
          },
          "end": {
            "line": 20,
            "column": 5
          }
        },
        "line": 16
      },
      "4": {
        "name": "(anonymous_4)",
        "decl": {
          "start": {
            "line": 21,
            "column": 4
          },
          "end": {
            "line": 21,
            "column": 5
          }
        },
        "loc": {
          "start": {
            "line": 21,
            "column": 11
          },
          "end": {
            "line": 23,
            "column": 5
          }
        },
        "line": 21
      },
      "5": {
        "name": "SessionService_Factory",
        "decl": {
          "start": {
            "line": 24,
            "column": 27
          },
          "end": {
            "line": 24,
            "column": 49
          }
        },
        "loc": {
          "start": {
            "line": 24,
            "column": 69
          },
          "end": {
            "line": 26,
            "column": 5
          }
        },
        "line": 24
      }
    },
    "branchMap": {
      "0": {
        "loc": {
          "start": {
            "line": 25,
            "column": 18
          },
          "end": {
            "line": 25,
            "column": 53
          }
        },
        "type": "binary-expr",
        "locations": [
          {
            "start": {
              "line": 25,
              "column": 18
            },
            "end": {
              "line": 25,
              "column": 35
            }
          },
          {
            "start": {
              "line": 25,
              "column": 39
            },
            "end": {
              "line": 25,
              "column": 53
            }
          }
        ],
        "line": 25
      }
    },
    "s": {
      "0": 5,
      "1": 5,
      "2": 5,
      "3": 5,
      "4": 2,
      "5": 2,
      "6": 2,
      "7": 2,
      "8": 2,
      "9": 2,
      "10": 4,
      "11": 5,
      "12": 5,
      "13": 5,
      "14": 5
    },
    "f": {
      "0": 5,
      "1": 5,
      "2": 2,
      "3": 2,
      "4": 4,
      "5": 5
    },
    "b": {
      "0": [
        5,
        5
      ]
    },
    "inputSourceMap": {
      "version": 3,
      "names": [
        "BehaviorSubject",
        "SessionService",
        "isLogged",
        "sessionInformation",
        "isLoggedSubject",
        "$isLogged",
        "asObservable",
        "logIn",
        "user",
        "next",
        "logOut",
        "undefined",
        "factory",
        "ɵfac",
        "providedIn"
      ],
      "sources": [
        "/home/besquiros/projects/oc/project_4/front/src/app/core/service/session.service.ts"
      ],
      "sourcesContent": [
        "import { Injectable } from '@angular/core';\nimport { BehaviorSubject, Observable } from 'rxjs';\nimport { SessionInformation } from '../models/sessionInformation.interface';\n\n@Injectable({\n  providedIn: 'root'\n})\nexport class SessionService {\n\n  public isLogged = false;\n  public sessionInformation: SessionInformation | undefined;\n\n  private isLoggedSubject = new BehaviorSubject<boolean>(this.isLogged);\n\n  public $isLogged(): Observable<boolean> {\n    return this.isLoggedSubject.asObservable();\n  }\n\n  public logIn(user: SessionInformation): void {\n    this.sessionInformation = user;\n    this.isLogged = true;\n    this.next();\n  }\n\n  public logOut(): void {\n    this.sessionInformation = undefined;\n    this.isLogged = false;\n    this.next();\n  }\n\n  private next(): void {\n    this.isLoggedSubject.next(this.isLogged);\n  }\n}\n"
      ],
      "mappings": "AACA,SAASA,eAAe,QAAoB,MAAM;;AAMlD,WAAaC,cAAc;EAArB,MAAOA,cAAc;IAElBC,QAAQ,GAAG,KAAK;IAChBC,kBAAkB;IAEjBC,eAAe,GAAG,IAAIJ,eAAe,CAAU,IAAI,CAACE,QAAQ,CAAC;IAE9DG,SAASA,CAAA;MACd,OAAO,IAAI,CAACD,eAAe,CAACE,YAAY,EAAE;IAC5C;IAEOC,KAAKA,CAACC,IAAwB;MACnC,IAAI,CAACL,kBAAkB,GAAGK,IAAI;MAC9B,IAAI,CAACN,QAAQ,GAAG,IAAI;MACpB,IAAI,CAACO,IAAI,EAAE;IACb;IAEOC,MAAMA,CAAA;MACX,IAAI,CAACP,kBAAkB,GAAGQ,SAAS;MACnC,IAAI,CAACT,QAAQ,GAAG,KAAK;MACrB,IAAI,CAACO,IAAI,EAAE;IACb;IAEQA,IAAIA,CAAA;MACV,IAAI,CAACL,eAAe,CAACK,IAAI,CAAC,IAAI,CAACP,QAAQ,CAAC;IAC1C;;uCAzBWD,cAAc;IAAA;;aAAdA,cAAc;MAAAW,OAAA,EAAdX,cAAc,CAAAY,IAAA;MAAAC,UAAA,EAFb;IAAM;;SAEPb,cAAc;AAAA",
      "ignoreList": []
    },
    "_coverageSchema": "1a1c01bbd47fc00a2c39e90264f33305004495a9",
    "hash": "cd05273647413aa03f0668f18b2e276d396f2a2d"
  },
  "/home/besquiros/projects/oc/project_4/front/src/app/guards/unauth.guard.ts": {
    "path": "/home/besquiros/projects/oc/project_4/front/src/app/guards/unauth.guard.ts",
    "statementMap": {
      "0": {
        "start": {
          "line": 5,
          "column": 38
        },
        "end": {
          "line": 26,
          "column": 4
        }
      },
      "1": {
        "start": {
          "line": 7,
          "column": 13
        },
        "end": {
          "line": 7,
          "column": 27
        }
      },
      "2": {
        "start": {
          "line": 8,
          "column": 21
        },
        "end": {
          "line": 8,
          "column": 43
        }
      },
      "3": {
        "start": {
          "line": 10,
          "column": 6
        },
        "end": {
          "line": 13,
          "column": 7
        }
      },
      "4": {
        "start": {
          "line": 11,
          "column": 8
        },
        "end": {
          "line": 11,
          "column": 42
        }
      },
      "5": {
        "start": {
          "line": 12,
          "column": 8
        },
        "end": {
          "line": 12,
          "column": 21
        }
      },
      "6": {
        "start": {
          "line": 14,
          "column": 6
        },
        "end": {
          "line": 14,
          "column": 18
        }
      },
      "7": {
        "start": {
          "line": 16,
          "column": 18
        },
        "end": {
          "line": 18,
          "column": 5
        }
      },
      "8": {
        "start": {
          "line": 17,
          "column": 6
        },
        "end": {
          "line": 17,
          "column": 54
        }
      },
      "9": {
        "start": {
          "line": 19,
          "column": 32
        },
        "end": {
          "line": 23,
          "column": 6
        }
      },
      "10": {
        "start": {
          "line": 25,
          "column": 2
        },
        "end": {
          "line": 25,
          "column": 21
        }
      }
    },
    "fnMap": {
      "0": {
        "name": "(anonymous_0)",
        "decl": {
          "start": {
            "line": 5,
            "column": 39
          },
          "end": {
            "line": 5,
            "column": 40
          }
        },
        "loc": {
          "start": {
            "line": 5,
            "column": 45
          },
          "end": {
            "line": 26,
            "column": 1
          }
        },
        "line": 5
      },
      "1": {
        "name": "(anonymous_1)",
        "decl": {
          "start": {
            "line": 9,
            "column": 4
          },
          "end": {
            "line": 9,
            "column": 5
          }
        },
        "loc": {
          "start": {
            "line": 9,
            "column": 18
          },
          "end": {
            "line": 15,
            "column": 5
          }
        },
        "line": 9
      },
      "2": {
        "name": "UnauthGuard_Factory",
        "decl": {
          "start": {
            "line": 16,
            "column": 27
          },
          "end": {
            "line": 16,
            "column": 46
          }
        },
        "loc": {
          "start": {
            "line": 16,
            "column": 66
          },
          "end": {
            "line": 18,
            "column": 5
          }
        },
        "line": 16
      }
    },
    "branchMap": {
      "0": {
        "loc": {
          "start": {
            "line": 10,
            "column": 6
          },
          "end": {
            "line": 13,
            "column": 7
          }
        },
        "type": "if",
        "locations": [
          {
            "start": {
              "line": 10,
              "column": 6
            },
            "end": {
              "line": 13,
              "column": 7
            }
          },
          {
            "start": {
              "line": 10,
              "column": 6
            },
            "end": {
              "line": 13,
              "column": 7
            }
          }
        ],
        "line": 10
      },
      "1": {
        "loc": {
          "start": {
            "line": 17,
            "column": 18
          },
          "end": {
            "line": 17,
            "column": 50
          }
        },
        "type": "binary-expr",
        "locations": [
          {
            "start": {
              "line": 17,
              "column": 18
            },
            "end": {
              "line": 17,
              "column": 35
            }
          },
          {
            "start": {
              "line": 17,
              "column": 39
            },
            "end": {
              "line": 17,
              "column": 50
            }
          }
        ],
        "line": 17
      }
    },
    "s": {
      "0": 5,
      "1": 3,
      "2": 3,
      "3": 5,
      "4": 0,
      "5": 0,
      "6": 5,
      "7": 5,
      "8": 3,
      "9": 5,
      "10": 5
    },
    "f": {
      "0": 5,
      "1": 5,
      "2": 3
    },
    "b": {
      "0": [
        0,
        5
      ],
      "1": [
        3,
        3
      ]
    },
    "inputSourceMap": {
      "version": 3,
      "names": [
        "inject",
        "Router",
        "SessionService",
        "UnauthGuard",
        "router",
        "sessionService",
        "canActivate",
        "isLogged",
        "navigate",
        "factory",
        "ɵfac",
        "providedIn"
      ],
      "sources": [
        "/home/besquiros/projects/oc/project_4/front/src/app/guards/unauth.guard.ts"
      ],
      "sourcesContent": [
        "import { Injectable, inject } from \"@angular/core\";\nimport { CanActivate, Router } from \"@angular/router\";\nimport { SessionService } from \"../core/service/session.service\";\n\n@Injectable({providedIn: 'root'})\nexport class UnauthGuard implements CanActivate {\n  private router = inject(Router);\n  private sessionService = inject(SessionService);\n\n  public canActivate(): boolean {\n    if (this.sessionService.isLogged) {\n      this.router.navigate(['rentals']);\n      return false;\n    }\n    return true;\n  }\n}\n"
      ],
      "mappings": "AAAA,SAAqBA,MAAM,QAAQ,eAAe;AAClD,SAAsBC,MAAM,QAAQ,iBAAiB;AACrD,SAASC,cAAc,QAAQ,iCAAiC;;AAGhE,WAAaC,WAAW;EAAlB,MAAOA,WAAW;IACdC,MAAM,GAAGJ,MAAM,CAACC,MAAM,CAAC;IACvBI,cAAc,GAAGL,MAAM,CAACE,cAAc,CAAC;IAExCI,WAAWA,CAAA;MAChB,IAAI,IAAI,CAACD,cAAc,CAACE,QAAQ,EAAE;QAChC,IAAI,CAACH,MAAM,CAACI,QAAQ,CAAC,CAAC,SAAS,CAAC,CAAC;QACjC,OAAO,KAAK;MACd;MACA,OAAO,IAAI;IACb;;uCAVWL,WAAW;IAAA;;aAAXA,WAAW;MAAAM,OAAA,EAAXN,WAAW,CAAAO,IAAA;MAAAC,UAAA,EADC;IAAM;;SAClBR,WAAW;AAAA",
      "ignoreList": []
    },
    "_coverageSchema": "1a1c01bbd47fc00a2c39e90264f33305004495a9",
    "hash": "c3ecaaa3226e0d8832c208154618d695afc5c20e"
  },
  "/home/besquiros/projects/oc/project_4/front/src/app/guards/auth.guard.ts": {
    "path": "/home/besquiros/projects/oc/project_4/front/src/app/guards/auth.guard.ts",
    "statementMap": {
      "0": {
        "start": {
          "line": 5,
          "column": 36
        },
        "end": {
          "line": 26,
          "column": 4
        }
      },
      "1": {
        "start": {
          "line": 7,
          "column": 13
        },
        "end": {
          "line": 7,
          "column": 27
        }
      },
      "2": {
        "start": {
          "line": 8,
          "column": 21
        },
        "end": {
          "line": 8,
          "column": 43
        }
      },
      "3": {
        "start": {
          "line": 10,
          "column": 6
        },
        "end": {
          "line": 13,
          "column": 7
        }
      },
      "4": {
        "start": {
          "line": 11,
          "column": 8
        },
        "end": {
          "line": 11,
          "column": 40
        }
      },
      "5": {
        "start": {
          "line": 12,
          "column": 8
        },
        "end": {
          "line": 12,
          "column": 21
        }
      },
      "6": {
        "start": {
          "line": 14,
          "column": 6
        },
        "end": {
          "line": 14,
          "column": 18
        }
      },
      "7": {
        "start": {
          "line": 16,
          "column": 18
        },
        "end": {
          "line": 18,
          "column": 5
        }
      },
      "8": {
        "start": {
          "line": 17,
          "column": 6
        },
        "end": {
          "line": 17,
          "column": 52
        }
      },
      "9": {
        "start": {
          "line": 19,
          "column": 32
        },
        "end": {
          "line": 23,
          "column": 6
        }
      },
      "10": {
        "start": {
          "line": 25,
          "column": 2
        },
        "end": {
          "line": 25,
          "column": 19
        }
      }
    },
    "fnMap": {
      "0": {
        "name": "(anonymous_0)",
        "decl": {
          "start": {
            "line": 5,
            "column": 37
          },
          "end": {
            "line": 5,
            "column": 38
          }
        },
        "loc": {
          "start": {
            "line": 5,
            "column": 43
          },
          "end": {
            "line": 26,
            "column": 1
          }
        },
        "line": 5
      },
      "1": {
        "name": "(anonymous_1)",
        "decl": {
          "start": {
            "line": 9,
            "column": 4
          },
          "end": {
            "line": 9,
            "column": 5
          }
        },
        "loc": {
          "start": {
            "line": 9,
            "column": 18
          },
          "end": {
            "line": 15,
            "column": 5
          }
        },
        "line": 9
      },
      "2": {
        "name": "AuthGuard_Factory",
        "decl": {
          "start": {
            "line": 16,
            "column": 27
          },
          "end": {
            "line": 16,
            "column": 44
          }
        },
        "loc": {
          "start": {
            "line": 16,
            "column": 64
          },
          "end": {
            "line": 18,
            "column": 5
          }
        },
        "line": 16
      }
    },
    "branchMap": {
      "0": {
        "loc": {
          "start": {
            "line": 10,
            "column": 6
          },
          "end": {
            "line": 13,
            "column": 7
          }
        },
        "type": "if",
        "locations": [
          {
            "start": {
              "line": 10,
              "column": 6
            },
            "end": {
              "line": 13,
              "column": 7
            }
          },
          {
            "start": {
              "line": 10,
              "column": 6
            },
            "end": {
              "line": 13,
              "column": 7
            }
          }
        ],
        "line": 10
      },
      "1": {
        "loc": {
          "start": {
            "line": 17,
            "column": 18
          },
          "end": {
            "line": 17,
            "column": 48
          }
        },
        "type": "binary-expr",
        "locations": [
          {
            "start": {
              "line": 17,
              "column": 18
            },
            "end": {
              "line": 17,
              "column": 35
            }
          },
          {
            "start": {
              "line": 17,
              "column": 39
            },
            "end": {
              "line": 17,
              "column": 48
            }
          }
        ],
        "line": 17
      }
    },
    "s": {
      "0": 5,
      "1": 3,
      "2": 3,
      "3": 3,
      "4": 1,
      "5": 1,
      "6": 2,
      "7": 5,
      "8": 3,
      "9": 5,
      "10": 5
    },
    "f": {
      "0": 5,
      "1": 3,
      "2": 3
    },
    "b": {
      "0": [
        1,
        2
      ],
      "1": [
        3,
        3
      ]
    },
    "inputSourceMap": {
      "version": 3,
      "names": [
        "inject",
        "Router",
        "SessionService",
        "AuthGuard",
        "router",
        "sessionService",
        "canActivate",
        "isLogged",
        "navigate",
        "factory",
        "ɵfac",
        "providedIn"
      ],
      "sources": [
        "/home/besquiros/projects/oc/project_4/front/src/app/guards/auth.guard.ts"
      ],
      "sourcesContent": [
        "import { Injectable, inject } from \"@angular/core\";\nimport { CanActivate, Router } from \"@angular/router\";\nimport { SessionService } from \"../core/service/session.service\";\n\n@Injectable({providedIn: 'root'})\nexport class AuthGuard implements CanActivate {\n  private router = inject(Router);\n  private sessionService = inject(SessionService);\n\n  public canActivate(): boolean {\n    if (!this.sessionService.isLogged) {\n      this.router.navigate(['login']);\n      return false;\n    }\n    return true;\n  }\n}\n"
      ],
      "mappings": "AAAA,SAAqBA,MAAM,QAAQ,eAAe;AAClD,SAAsBC,MAAM,QAAQ,iBAAiB;AACrD,SAASC,cAAc,QAAQ,iCAAiC;;AAGhE,WAAaC,SAAS;EAAhB,MAAOA,SAAS;IACZC,MAAM,GAAGJ,MAAM,CAACC,MAAM,CAAC;IACvBI,cAAc,GAAGL,MAAM,CAACE,cAAc,CAAC;IAExCI,WAAWA,CAAA;MAChB,IAAI,CAAC,IAAI,CAACD,cAAc,CAACE,QAAQ,EAAE;QACjC,IAAI,CAACH,MAAM,CAACI,QAAQ,CAAC,CAAC,OAAO,CAAC,CAAC;QAC/B,OAAO,KAAK;MACd;MACA,OAAO,IAAI;IACb;;uCAVWL,SAAS;IAAA;;aAATA,SAAS;MAAAM,OAAA,EAATN,SAAS,CAAAO,IAAA;MAAAC,UAAA,EADG;IAAM;;SAClBR,SAAS;AAAA",
      "ignoreList": []
    },
    "_coverageSchema": "1a1c01bbd47fc00a2c39e90264f33305004495a9",
    "hash": "48d77f9c6f526352acc9456722523d51b3884b45"
  },
  "/home/besquiros/projects/oc/project_4/front/src/app/core/service/user.service.ts": {
    "path": "/home/besquiros/projects/oc/project_4/front/src/app/core/service/user.service.ts",
    "statementMap": {
      "0": {
        "start": {
          "line": 4,
          "column": 38
        },
        "end": {
          "line": 24,
          "column": 4
        }
      },
      "1": {
        "start": {
          "line": 6,
          "column": 17
        },
        "end": {
          "line": 6,
          "column": 35
        }
      },
      "2": {
        "start": {
          "line": 7,
          "column": 18
        },
        "end": {
          "line": 7,
          "column": 28
        }
      },
      "3": {
        "start": {
          "line": 9,
          "column": 6
        },
        "end": {
          "line": 9,
          "column": 62
        }
      },
      "4": {
        "start": {
          "line": 12,
          "column": 6
        },
        "end": {
          "line": 12,
          "column": 65
        }
      },
      "5": {
        "start": {
          "line": 14,
          "column": 18
        },
        "end": {
          "line": 16,
          "column": 5
        }
      },
      "6": {
        "start": {
          "line": 15,
          "column": 6
        },
        "end": {
          "line": 15,
          "column": 54
        }
      },
      "7": {
        "start": {
          "line": 17,
          "column": 32
        },
        "end": {
          "line": 21,
          "column": 6
        }
      },
      "8": {
        "start": {
          "line": 23,
          "column": 2
        },
        "end": {
          "line": 23,
          "column": 21
        }
      }
    },
    "fnMap": {
      "0": {
        "name": "(anonymous_0)",
        "decl": {
          "start": {
            "line": 4,
            "column": 39
          },
          "end": {
            "line": 4,
            "column": 40
          }
        },
        "loc": {
          "start": {
            "line": 4,
            "column": 45
          },
          "end": {
            "line": 24,
            "column": 1
          }
        },
        "line": 4
      },
      "1": {
        "name": "(anonymous_1)",
        "decl": {
          "start": {
            "line": 8,
            "column": 4
          },
          "end": {
            "line": 8,
            "column": 5
          }
        },
        "loc": {
          "start": {
            "line": 8,
            "column": 16
          },
          "end": {
            "line": 10,
            "column": 5
          }
        },
        "line": 8
      },
      "2": {
        "name": "(anonymous_2)",
        "decl": {
          "start": {
            "line": 11,
            "column": 4
          },
          "end": {
            "line": 11,
            "column": 5
          }
        },
        "loc": {
          "start": {
            "line": 11,
            "column": 15
          },
          "end": {
            "line": 13,
            "column": 5
          }
        },
        "line": 11
      },
      "3": {
        "name": "UserService_Factory",
        "decl": {
          "start": {
            "line": 14,
            "column": 27
          },
          "end": {
            "line": 14,
            "column": 46
          }
        },
        "loc": {
          "start": {
            "line": 14,
            "column": 66
          },
          "end": {
            "line": 16,
            "column": 5
          }
        },
        "line": 14
      }
    },
    "branchMap": {
      "0": {
        "loc": {
          "start": {
            "line": 15,
            "column": 18
          },
          "end": {
            "line": 15,
            "column": 50
          }
        },
        "type": "binary-expr",
        "locations": [
          {
            "start": {
              "line": 15,
              "column": 18
            },
            "end": {
              "line": 15,
              "column": 35
            }
          },
          {
            "start": {
              "line": 15,
              "column": 39
            },
            "end": {
              "line": 15,
              "column": 50
            }
          }
        ],
        "line": 15
      }
    },
    "s": {
      "0": 5,
      "1": 0,
      "2": 0,
      "3": 0,
      "4": 0,
      "5": 5,
      "6": 0,
      "7": 5,
      "8": 5
    },
    "f": {
      "0": 5,
      "1": 0,
      "2": 0,
      "3": 0
    },
    "b": {
      "0": [
        0,
        0
      ]
    },
    "inputSourceMap": {
      "version": 3,
      "names": [
        "HttpClient",
        "inject",
        "UserService",
        "httpClient",
        "pathService",
        "getById",
        "id",
        "get",
        "delete",
        "factory",
        "ɵfac",
        "providedIn"
      ],
      "sources": [
        "/home/besquiros/projects/oc/project_4/front/src/app/core/service/user.service.ts"
      ],
      "sourcesContent": [
        "import { HttpClient } from '@angular/common/http';\nimport { Injectable, inject } from '@angular/core';\nimport { Observable } from 'rxjs';\nimport { User } from '../models/user.interface';\n\n@Injectable({\n  providedIn: 'root'\n})\nexport class UserService {\n  private httpClient = inject(HttpClient);\n  private pathService = 'api/user';\n\n  public getById(id: string): Observable<User> {\n    return this.httpClient.get<User>(`${this.pathService}/${id}`);\n  }\n\n  public delete(id: string): Observable<void> {\n    return this.httpClient.delete<void>(`${this.pathService}/${id}`);\n  }\n}\n"
      ],
      "mappings": "AAAA,SAASA,UAAU,QAAQ,sBAAsB;AACjD,SAAqBC,MAAM,QAAQ,eAAe;;AAOlD,WAAaC,WAAW;EAAlB,MAAOA,WAAW;IACdC,UAAU,GAAGF,MAAM,CAACD,UAAU,CAAC;IAC/BI,WAAW,GAAG,UAAU;IAEzBC,OAAOA,CAACC,EAAU;MACvB,OAAO,IAAI,CAACH,UAAU,CAACI,GAAG,CAAO,GAAG,IAAI,CAACH,WAAW,IAAIE,EAAE,EAAE,CAAC;IAC/D;IAEOE,MAAMA,CAACF,EAAU;MACtB,OAAO,IAAI,CAACH,UAAU,CAACK,MAAM,CAAO,GAAG,IAAI,CAACJ,WAAW,IAAIE,EAAE,EAAE,CAAC;IAClE;;uCAVWJ,WAAW;IAAA;;aAAXA,WAAW;MAAAO,OAAA,EAAXP,WAAW,CAAAQ,IAAA;MAAAC,UAAA,EAFV;IAAM;;SAEPT,WAAW;AAAA",
      "ignoreList": []
    },
    "_coverageSchema": "1a1c01bbd47fc00a2c39e90264f33305004495a9",
    "hash": "e2c8867c26182475e55cbd95a27cc764f0492882"
  },
  "/home/besquiros/projects/oc/project_4/front/src/app/shared/material.module.ts": {
    "path": "/home/besquiros/projects/oc/project_4/front/src/app/shared/material.module.ts",
    "statementMap": {
      "0": {
        "start": {
          "line": 30,
          "column": 24
        },
        "end": {
          "line": 30,
          "column": 517
        }
      },
      "1": {
        "start": {
          "line": 31,
          "column": 41
        },
        "end": {
          "line": 44,
          "column": 4
        }
      },
      "2": {
        "start": {
          "line": 33,
          "column": 18
        },
        "end": {
          "line": 35,
          "column": 5
        }
      },
      "3": {
        "start": {
          "line": 34,
          "column": 6
        },
        "end": {
          "line": 34,
          "column": 57
        }
      },
      "4": {
        "start": {
          "line": 36,
          "column": 31
        },
        "end": {
          "line": 38,
          "column": 6
        }
      },
      "5": {
        "start": {
          "line": 39,
          "column": 31
        },
        "end": {
          "line": 41,
          "column": 6
        }
      },
      "6": {
        "start": {
          "line": 43,
          "column": 2
        },
        "end": {
          "line": 43,
          "column": 24
        }
      }
    },
    "fnMap": {
      "0": {
        "name": "(anonymous_0)",
        "decl": {
          "start": {
            "line": 31,
            "column": 42
          },
          "end": {
            "line": 31,
            "column": 43
          }
        },
        "loc": {
          "start": {
            "line": 31,
            "column": 48
          },
          "end": {
            "line": 44,
            "column": 1
          }
        },
        "line": 31
      },
      "1": {
        "name": "MaterialModule_Factory",
        "decl": {
          "start": {
            "line": 33,
            "column": 27
          },
          "end": {
            "line": 33,
            "column": 49
          }
        },
        "loc": {
          "start": {
            "line": 33,
            "column": 69
          },
          "end": {
            "line": 35,
            "column": 5
          }
        },
        "line": 33
      }
    },
    "branchMap": {
      "0": {
        "loc": {
          "start": {
            "line": 34,
            "column": 18
          },
          "end": {
            "line": 34,
            "column": 53
          }
        },
        "type": "binary-expr",
        "locations": [
          {
            "start": {
              "line": 34,
              "column": 18
            },
            "end": {
              "line": 34,
              "column": 35
            }
          },
          {
            "start": {
              "line": 34,
              "column": 39
            },
            "end": {
              "line": 34,
              "column": 53
            }
          }
        ],
        "line": 34
      }
    },
    "s": {
      "0": 5,
      "1": 5,
      "2": 5,
      "3": 10,
      "4": 5,
      "5": 5,
      "6": 5
    },
    "f": {
      "0": 5,
      "1": 10
    },
    "b": {
      "0": [
        10,
        10
      ]
    },
    "inputSourceMap": {
      "version": 3,
      "names": [
        "OverlayModule",
        "CdkTreeModule",
        "PortalModule",
        "MatAutocompleteModule",
        "MatButtonModule",
        "MatButtonToggleModule",
        "MatCardModule",
        "MatCheckboxModule",
        "MatChipsModule",
        "MatRippleModule",
        "MatDividerModule",
        "MatExpansionModule",
        "MatFormFieldModule",
        "MatIconModule",
        "MatInputModule",
        "MatListModule",
        "MatMenuModule",
        "MatPaginatorModule",
        "MatProgressSpinnerModule",
        "MatSelectModule",
        "MatSidenavModule",
        "MatSnackBarModule",
        "MatSortModule",
        "MatTableModule",
        "MatTabsModule",
        "MatToolbarModule",
        "MatTreeModule",
        "ReactiveFormsModule",
        "materialModules",
        "MaterialModule"
      ],
      "sources": [
        "/home/besquiros/projects/oc/project_4/front/src/app/shared/material.module.ts"
      ],
      "sourcesContent": [
        "import { NgModule } from '@angular/core';\nimport { OverlayModule } from '@angular/cdk/overlay';\nimport { CdkTreeModule } from '@angular/cdk/tree';\nimport { PortalModule } from '@angular/cdk/portal';\nimport { MatAutocompleteModule } from '@angular/material/autocomplete';\nimport { MatButtonModule } from '@angular/material/button';\nimport { MatButtonToggleModule } from '@angular/material/button-toggle';\nimport { MatCardModule } from '@angular/material/card';\nimport { MatCheckboxModule } from '@angular/material/checkbox';\nimport { MatChipsModule } from '@angular/material/chips';\nimport { MatRippleModule } from '@angular/material/core';\nimport { MatDividerModule } from '@angular/material/divider';\nimport { MatExpansionModule } from '@angular/material/expansion';\nimport { MatFormFieldModule } from '@angular/material/form-field';\nimport { MatIconModule } from '@angular/material/icon';\nimport { MatInputModule } from '@angular/material/input';\nimport { MatListModule } from '@angular/material/list';\nimport { MatMenuModule } from '@angular/material/menu';\nimport { MatPaginatorModule } from '@angular/material/paginator';\nimport { MatProgressSpinnerModule } from '@angular/material/progress-spinner';\nimport { MatSelectModule } from '@angular/material/select';\nimport { MatSidenavModule } from '@angular/material/sidenav';\nimport { MatSnackBarModule } from '@angular/material/snack-bar';\nimport { MatSortModule } from '@angular/material/sort';\nimport { MatTableModule } from '@angular/material/table';\nimport { MatTabsModule } from '@angular/material/tabs';\nimport { MatToolbarModule } from '@angular/material/toolbar';\nimport { MatTreeModule } from '@angular/material/tree';\nimport { ReactiveFormsModule } from '@angular/forms';\n\n\nconst materialModules = [\n  ReactiveFormsModule,\n  CdkTreeModule,\n  MatAutocompleteModule,\n  MatButtonModule,\n  MatCardModule,\n  MatCheckboxModule,\n  MatChipsModule,\n  MatDividerModule,\n  MatExpansionModule,\n  MatIconModule,\n  MatInputModule,\n  MatListModule,\n  MatMenuModule,\n  MatProgressSpinnerModule,\n  MatPaginatorModule,\n  MatRippleModule,\n  MatSelectModule,\n  MatSidenavModule,\n  MatSnackBarModule,\n  MatSortModule,\n  MatTableModule,\n  MatTabsModule,\n  MatToolbarModule,\n  MatFormFieldModule,\n  MatButtonToggleModule,\n  MatTreeModule,\n  OverlayModule,\n  PortalModule\n];\n\n@NgModule({\n  imports: [\n    ...materialModules\n  ],\n  exports: [\n    ...materialModules\n  ],\n})\nexport class MaterialModule { }\n"
      ],
      "mappings": "AACA,SAASA,aAAa,QAAQ,sBAAsB;AACpD,SAASC,aAAa,QAAQ,mBAAmB;AACjD,SAASC,YAAY,QAAQ,qBAAqB;AAClD,SAASC,qBAAqB,QAAQ,gCAAgC;AACtE,SAASC,eAAe,QAAQ,0BAA0B;AAC1D,SAASC,qBAAqB,QAAQ,iCAAiC;AACvE,SAASC,aAAa,QAAQ,wBAAwB;AACtD,SAASC,iBAAiB,QAAQ,4BAA4B;AAC9D,SAASC,cAAc,QAAQ,yBAAyB;AACxD,SAASC,eAAe,QAAQ,wBAAwB;AACxD,SAASC,gBAAgB,QAAQ,2BAA2B;AAC5D,SAASC,kBAAkB,QAAQ,6BAA6B;AAChE,SAASC,kBAAkB,QAAQ,8BAA8B;AACjE,SAASC,aAAa,QAAQ,wBAAwB;AACtD,SAASC,cAAc,QAAQ,yBAAyB;AACxD,SAASC,aAAa,QAAQ,wBAAwB;AACtD,SAASC,aAAa,QAAQ,wBAAwB;AACtD,SAASC,kBAAkB,QAAQ,6BAA6B;AAChE,SAASC,wBAAwB,QAAQ,oCAAoC;AAC7E,SAASC,eAAe,QAAQ,0BAA0B;AAC1D,SAASC,gBAAgB,QAAQ,2BAA2B;AAC5D,SAASC,iBAAiB,QAAQ,6BAA6B;AAC/D,SAASC,aAAa,QAAQ,wBAAwB;AACtD,SAASC,cAAc,QAAQ,yBAAyB;AACxD,SAASC,aAAa,QAAQ,wBAAwB;AACtD,SAASC,gBAAgB,QAAQ,2BAA2B;AAC5D,SAASC,aAAa,QAAQ,wBAAwB;AACtD,SAASC,mBAAmB,QAAQ,gBAAgB;;AAGpD,MAAMC,eAAe,GAAG,CACtBD,mBAAmB,EACnB1B,aAAa,EACbE,qBAAqB,EACrBC,eAAe,EACfE,aAAa,EACbC,iBAAiB,EACjBC,cAAc,EACdE,gBAAgB,EAChBC,kBAAkB,EAClBE,aAAa,EACbC,cAAc,EACdC,aAAa,EACbC,aAAa,EACbE,wBAAwB,EACxBD,kBAAkB,EAClBR,eAAe,EACfU,eAAe,EACfC,gBAAgB,EAChBC,iBAAiB,EACjBC,aAAa,EACbC,cAAc,EACdC,aAAa,EACbC,gBAAgB,EAChBb,kBAAkB,EAClBP,qBAAqB,EACrBqB,aAAa,EACb1B,aAAa,EACbE,YAAY,CACb;AAUD,WAAa2B,cAAc;EAArB,MAAOA,cAAc;;uCAAdA,cAAc;IAAA;;YAAdA;IAAc;;gBANpBD,eAAe,EAhCpBD,mBAAmB,EACnB1B,aAAa,EACbE,qBAAqB,EACrBC,eAAe,EACfE,aAAa,EACbC,iBAAiB,EACjBC,cAAc,EACdE,gBAAgB,EAChBC,kBAAkB,EAClBE,aAAa,EACbC,cAAc,EACdC,aAAa,EACbC,aAAa,EACbE,wBAAwB,EACxBD,kBAAkB,EAClBR,eAAe,EACfU,eAAe,EACfC,gBAAgB,EAChBC,iBAAiB,EACjBC,aAAa,EACbC,cAAc,EACdC,aAAa,EACbC,gBAAgB,EAChBb,kBAAkB,EAClBP,qBAAqB,EACrBqB,aAAa,EACb1B,aAAa,EACbE,YAAY;IAAA;;SAWD2B,cAAc;AAAA",
      "ignoreList": []
    },
    "_coverageSchema": "1a1c01bbd47fc00a2c39e90264f33305004495a9",
    "hash": "12f408b168bd7cf169779bfd89ffde79df06ddca"
  },
  "/home/besquiros/projects/oc/project_4/front/src/app/components/me/me.component.ts": {
    "path": "/home/besquiros/projects/oc/project_4/front/src/app/components/me/me.component.ts",
    "statementMap": {
      "0": {
        "start": {
          "line": 15,
          "column": 2
        },
        "end": {
          "line": 19,
          "column": 3
        }
      },
      "1": {
        "start": {
          "line": 16,
          "column": 4
        },
        "end": {
          "line": 16,
          "column": 33
        }
      },
      "2": {
        "start": {
          "line": 17,
          "column": 4
        },
        "end": {
          "line": 17,
          "column": 34
        }
      },
      "3": {
        "start": {
          "line": 18,
          "column": 4
        },
        "end": {
          "line": 18,
          "column": 22
        }
      },
      "4": {
        "start": {
          "line": 22,
          "column": 2
        },
        "end": {
          "line": 39,
          "column": 3
        }
      },
      "5": {
        "start": {
          "line": 23,
          "column": 16
        },
        "end": {
          "line": 23,
          "column": 37
        }
      },
      "6": {
        "start": {
          "line": 24,
          "column": 4
        },
        "end": {
          "line": 24,
          "column": 43
        }
      },
      "7": {
        "start": {
          "line": 25,
          "column": 4
        },
        "end": {
          "line": 25,
          "column": 39
        }
      },
      "8": {
        "start": {
          "line": 26,
          "column": 4
        },
        "end": {
          "line": 26,
          "column": 22
        }
      },
      "9": {
        "start": {
          "line": 27,
          "column": 4
        },
        "end": {
          "line": 27,
          "column": 38
        }
      },
      "10": {
        "start": {
          "line": 28,
          "column": 4
        },
        "end": {
          "line": 32,
          "column": 7
        }
      },
      "11": {
        "start": {
          "line": 29,
          "column": 6
        },
        "end": {
          "line": 29,
          "column": 28
        }
      },
      "12": {
        "start": {
          "line": 30,
          "column": 21
        },
        "end": {
          "line": 30,
          "column": 40
        }
      },
      "13": {
        "start": {
          "line": 31,
          "column": 6
        },
        "end": {
          "line": 31,
          "column": 45
        }
      },
      "14": {
        "start": {
          "line": 33,
          "column": 4
        },
        "end": {
          "line": 33,
          "column": 37
        }
      },
      "15": {
        "start": {
          "line": 34,
          "column": 4
        },
        "end": {
          "line": 34,
          "column": 27
        }
      },
      "16": {
        "start": {
          "line": 35,
          "column": 4
        },
        "end": {
          "line": 35,
          "column": 22
        }
      },
      "17": {
        "start": {
          "line": 36,
          "column": 4
        },
        "end": {
          "line": 36,
          "column": 36
        }
      },
      "18": {
        "start": {
          "line": 37,
          "column": 4
        },
        "end": {
          "line": 37,
          "column": 27
        }
      },
      "19": {
        "start": {
          "line": 38,
          "column": 4
        },
        "end": {
          "line": 38,
          "column": 26
        }
      },
      "20": {
        "start": {
          "line": 42,
          "column": 2
        },
        "end": {
          "line": 63,
          "column": 3
        }
      },
      "21": {
        "start": {
          "line": 43,
          "column": 4
        },
        "end": {
          "line": 43,
          "column": 43
        }
      },
      "22": {
        "start": {
          "line": 44,
          "column": 4
        },
        "end": {
          "line": 44,
          "column": 17
        }
      },
      "23": {
        "start": {
          "line": 45,
          "column": 4
        },
        "end": {
          "line": 45,
          "column": 30
        }
      },
      "24": {
        "start": {
          "line": 46,
          "column": 4
        },
        "end": {
          "line": 46,
          "column": 22
        }
      },
      "25": {
        "start": {
          "line": 47,
          "column": 4
        },
        "end": {
          "line": 47,
          "column": 30
        }
      },
      "26": {
        "start": {
          "line": 48,
          "column": 4
        },
        "end": {
          "line": 48,
          "column": 17
        }
      },
      "27": {
        "start": {
          "line": 49,
          "column": 4
        },
        "end": {
          "line": 49,
          "column": 22
        }
      },
      "28": {
        "start": {
          "line": 50,
          "column": 4
        },
        "end": {
          "line": 50,
          "column": 156
        }
      },
      "29": {
        "start": {
          "line": 51,
          "column": 4
        },
        "end": {
          "line": 51,
          "column": 52
        }
      },
      "30": {
        "start": {
          "line": 52,
          "column": 4
        },
        "end": {
          "line": 52,
          "column": 33
        }
      },
      "31": {
        "start": {
          "line": 53,
          "column": 4
        },
        "end": {
          "line": 53,
          "column": 22
        }
      },
      "32": {
        "start": {
          "line": 54,
          "column": 4
        },
        "end": {
          "line": 54,
          "column": 18
        }
      },
      "33": {
        "start": {
          "line": 55,
          "column": 4
        },
        "end": {
          "line": 55,
          "column": 26
        }
      },
      "34": {
        "start": {
          "line": 56,
          "column": 4
        },
        "end": {
          "line": 56,
          "column": 22
        }
      },
      "35": {
        "start": {
          "line": 57,
          "column": 4
        },
        "end": {
          "line": 57,
          "column": 40
        }
      },
      "36": {
        "start": {
          "line": 58,
          "column": 4
        },
        "end": {
          "line": 58,
          "column": 35
        }
      },
      "37": {
        "start": {
          "line": 59,
          "column": 4
        },
        "end": {
          "line": 59,
          "column": 22
        }
      },
      "38": {
        "start": {
          "line": 60,
          "column": 4
        },
        "end": {
          "line": 60,
          "column": 18
        }
      },
      "39": {
        "start": {
          "line": 61,
          "column": 4
        },
        "end": {
          "line": 61,
          "column": 26
        }
      },
      "40": {
        "start": {
          "line": 62,
          "column": 4
        },
        "end": {
          "line": 62,
          "column": 26
        }
      },
      "41": {
        "start": {
          "line": 64,
          "column": 2
        },
        "end": {
          "line": 76,
          "column": 3
        }
      },
      "42": {
        "start": {
          "line": 65,
          "column": 19
        },
        "end": {
          "line": 65,
          "column": 37
        }
      },
      "43": {
        "start": {
          "line": 66,
          "column": 4
        },
        "end": {
          "line": 66,
          "column": 20
        }
      },
      "44": {
        "start": {
          "line": 67,
          "column": 4
        },
        "end": {
          "line": 67,
          "column": 112
        }
      },
      "45": {
        "start": {
          "line": 68,
          "column": 4
        },
        "end": {
          "line": 68,
          "column": 20
        }
      },
      "46": {
        "start": {
          "line": 69,
          "column": 4
        },
        "end": {
          "line": 69,
          "column": 60
        }
      },
      "47": {
        "start": {
          "line": 70,
          "column": 4
        },
        "end": {
          "line": 70,
          "column": 19
        }
      },
      "48": {
        "start": {
          "line": 71,
          "column": 4
        },
        "end": {
          "line": 71,
          "column": 48
        }
      },
      "49": {
        "start": {
          "line": 72,
          "column": 4
        },
        "end": {
          "line": 72,
          "column": 20
        }
      },
      "50": {
        "start": {
          "line": 73,
          "column": 4
        },
        "end": {
          "line": 73,
          "column": 93
        }
      },
      "51": {
        "start": {
          "line": 74,
          "column": 4
        },
        "end": {
          "line": 74,
          "column": 20
        }
      },
      "52": {
        "start": {
          "line": 75,
          "column": 4
        },
        "end": {
          "line": 75,
          "column": 94
        }
      },
      "53": {
        "start": {
          "line": 78,
          "column": 38
        },
        "end": {
          "line": 136,
          "column": 4
        }
      },
      "54": {
        "start": {
          "line": 80,
          "column": 13
        },
        "end": {
          "line": 80,
          "column": 27
        }
      },
      "55": {
        "start": {
          "line": 81,
          "column": 21
        },
        "end": {
          "line": 81,
          "column": 43
        }
      },
      "56": {
        "start": {
          "line": 82,
          "column": 18
        },
        "end": {
          "line": 82,
          "column": 37
        }
      },
      "57": {
        "start": {
          "line": 83,
          "column": 18
        },
        "end": {
          "line": 83,
          "column": 37
        }
      },
      "58": {
        "start": {
          "line": 84,
          "column": 17
        },
        "end": {
          "line": 84,
          "column": 35
        }
      },
      "59": {
        "start": {
          "line": 87,
          "column": 6
        },
        "end": {
          "line": 87,
          "column": 163
        }
      },
      "60": {
        "start": {
          "line": 87,
          "column": 145
        },
        "end": {
          "line": 87,
          "column": 161
        }
      },
      "61": {
        "start": {
          "line": 90,
          "column": 6
        },
        "end": {
          "line": 90,
          "column": 28
        }
      },
      "62": {
        "start": {
          "line": 93,
          "column": 6
        },
        "end": {
          "line": 99,
          "column": 9
        }
      },
      "63": {
        "start": {
          "line": 94,
          "column": 8
        },
        "end": {
          "line": 96,
          "column": 11
        }
      },
      "64": {
        "start": {
          "line": 97,
          "column": 8
        },
        "end": {
          "line": 97,
          "column": 37
        }
      },
      "65": {
        "start": {
          "line": 98,
          "column": 8
        },
        "end": {
          "line": 98,
          "column": 36
        }
      },
      "66": {
        "start": {
          "line": 101,
          "column": 18
        },
        "end": {
          "line": 103,
          "column": 5
        }
      },
      "67": {
        "start": {
          "line": 102,
          "column": 6
        },
        "end": {
          "line": 102,
          "column": 54
        }
      },
      "68": {
        "start": {
          "line": 104,
          "column": 31
        },
        "end": {
          "line": 133,
          "column": 6
        }
      },
      "69": {
        "start": {
          "line": 111,
          "column": 8
        },
        "end": {
          "line": 125,
          "column": 9
        }
      },
      "70": {
        "start": {
          "line": 112,
          "column": 10
        },
        "end": {
          "line": 112,
          "column": 106
        }
      },
      "71": {
        "start": {
          "line": 113,
          "column": 10
        },
        "end": {
          "line": 115,
          "column": 13
        }
      },
      "72": {
        "start": {
          "line": 114,
          "column": 12
        },
        "end": {
          "line": 114,
          "column": 30
        }
      },
      "73": {
        "start": {
          "line": 116,
          "column": 10
        },
        "end": {
          "line": 116,
          "column": 43
        }
      },
      "74": {
        "start": {
          "line": 117,
          "column": 10
        },
        "end": {
          "line": 117,
          "column": 37
        }
      },
      "75": {
        "start": {
          "line": 118,
          "column": 10
        },
        "end": {
          "line": 118,
          "column": 30
        }
      },
      "76": {
        "start": {
          "line": 119,
          "column": 10
        },
        "end": {
          "line": 119,
          "column": 37
        }
      },
      "77": {
        "start": {
          "line": 120,
          "column": 10
        },
        "end": {
          "line": 120,
          "column": 43
        }
      },
      "78": {
        "start": {
          "line": 121,
          "column": 10
        },
        "end": {
          "line": 121,
          "column": 32
        }
      },
      "79": {
        "start": {
          "line": 122,
          "column": 10
        },
        "end": {
          "line": 122,
          "column": 51
        }
      },
      "80": {
        "start": {
          "line": 123,
          "column": 10
        },
        "end": {
          "line": 123,
          "column": 83
        }
      },
      "81": {
        "start": {
          "line": 124,
          "column": 10
        },
        "end": {
          "line": 124,
          "column": 32
        }
      },
      "82": {
        "start": {
          "line": 126,
          "column": 8
        },
        "end": {
          "line": 129,
          "column": 9
        }
      },
      "83": {
        "start": {
          "line": 127,
          "column": 10
        },
        "end": {
          "line": 127,
          "column": 27
        }
      },
      "84": {
        "start": {
          "line": 128,
          "column": 10
        },
        "end": {
          "line": 128,
          "column": 47
        }
      },
      "85": {
        "start": {
          "line": 135,
          "column": 2
        },
        "end": {
          "line": 135,
          "column": 21
        }
      }
    },
    "fnMap": {
      "0": {
        "name": "MeComponent_Conditional_10_Conditional_6_Template",
        "decl": {
          "start": {
            "line": 14,
            "column": 9
          },
          "end": {
            "line": 14,
            "column": 58
          }
        },
        "loc": {
          "start": {
            "line": 14,
            "column": 68
          },
          "end": {
            "line": 20,
            "column": 1
          }
        },
        "line": 14
      },
      "1": {
        "name": "MeComponent_Conditional_10_Conditional_7_Template",
        "decl": {
          "start": {
            "line": 21,
            "column": 9
          },
          "end": {
            "line": 21,
            "column": 58
          }
        },
        "loc": {
          "start": {
            "line": 21,
            "column": 68
          },
          "end": {
            "line": 40,
            "column": 1
          }
        },
        "line": 21
      },
      "2": {
        "name": "MeComponent_Conditional_10_Conditional_7_Template_button_click_3_listener",
        "decl": {
          "start": {
            "line": 28,
            "column": 36
          },
          "end": {
            "line": 28,
            "column": 109
          }
        },
        "loc": {
          "start": {
            "line": 28,
            "column": 112
          },
          "end": {
            "line": 32,
            "column": 5
          }
        },
        "line": 28
      },
      "3": {
        "name": "MeComponent_Conditional_10_Template",
        "decl": {
          "start": {
            "line": 41,
            "column": 9
          },
          "end": {
            "line": 41,
            "column": 44
          }
        },
        "loc": {
          "start": {
            "line": 41,
            "column": 54
          },
          "end": {
            "line": 77,
            "column": 1
          }
        },
        "line": 41
      },
      "4": {
        "name": "(anonymous_4)",
        "decl": {
          "start": {
            "line": 78,
            "column": 39
          },
          "end": {
            "line": 78,
            "column": 40
          }
        },
        "loc": {
          "start": {
            "line": 78,
            "column": 45
          },
          "end": {
            "line": 136,
            "column": 1
          }
        },
        "line": 78
      },
      "5": {
        "name": "(anonymous_5)",
        "decl": {
          "start": {
            "line": 86,
            "column": 4
          },
          "end": {
            "line": 86,
            "column": 5
          }
        },
        "loc": {
          "start": {
            "line": 86,
            "column": 15
          },
          "end": {
            "line": 88,
            "column": 5
          }
        },
        "line": 86
      },
      "6": {
        "name": "(anonymous_6)",
        "decl": {
          "start": {
            "line": 87,
            "column": 137
          },
          "end": {
            "line": 87,
            "column": 138
          }
        },
        "loc": {
          "start": {
            "line": 87,
            "column": 145
          },
          "end": {
            "line": 87,
            "column": 161
          }
        },
        "line": 87
      },
      "7": {
        "name": "(anonymous_7)",
        "decl": {
          "start": {
            "line": 89,
            "column": 4
          },
          "end": {
            "line": 89,
            "column": 5
          }
        },
        "loc": {
          "start": {
            "line": 89,
            "column": 11
          },
          "end": {
            "line": 91,
            "column": 5
          }
        },
        "line": 89
      },
      "8": {
        "name": "(anonymous_8)",
        "decl": {
          "start": {
            "line": 92,
            "column": 4
          },
          "end": {
            "line": 92,
            "column": 5
          }
        },
        "loc": {
          "start": {
            "line": 92,
            "column": 13
          },
          "end": {
            "line": 100,
            "column": 5
          }
        },
        "line": 92
      },
      "9": {
        "name": "(anonymous_9)",
        "decl": {
          "start": {
            "line": 93,
            "column": 94
          },
          "end": {
            "line": 93,
            "column": 95
          }
        },
        "loc": {
          "start": {
            "line": 93,
            "column": 100
          },
          "end": {
            "line": 99,
            "column": 7
          }
        },
        "line": 93
      },
      "10": {
        "name": "MeComponent_Factory",
        "decl": {
          "start": {
            "line": 101,
            "column": 27
          },
          "end": {
            "line": 101,
            "column": 46
          }
        },
        "loc": {
          "start": {
            "line": 101,
            "column": 66
          },
          "end": {
            "line": 103,
            "column": 5
          }
        },
        "line": 101
      },
      "11": {
        "name": "MeComponent_Template",
        "decl": {
          "start": {
            "line": 110,
            "column": 25
          },
          "end": {
            "line": 110,
            "column": 45
          }
        },
        "loc": {
          "start": {
            "line": 110,
            "column": 55
          },
          "end": {
            "line": 130,
            "column": 7
          }
        },
        "line": 110
      },
      "12": {
        "name": "MeComponent_Template_button_click_4_listener",
        "decl": {
          "start": {
            "line": 113,
            "column": 42
          },
          "end": {
            "line": 113,
            "column": 86
          }
        },
        "loc": {
          "start": {
            "line": 113,
            "column": 89
          },
          "end": {
            "line": 115,
            "column": 11
          }
        },
        "line": 113
      }
    },
    "branchMap": {
      "0": {
        "loc": {
          "start": {
            "line": 15,
            "column": 2
          },
          "end": {
            "line": 19,
            "column": 3
          }
        },
        "type": "if",
        "locations": [
          {
            "start": {
              "line": 15,
              "column": 2
            },
            "end": {
              "line": 19,
              "column": 3
            }
          },
          {
            "start": {
              "line": 15,
              "column": 2
            },
            "end": {
              "line": 19,
              "column": 3
            }
          }
        ],
        "line": 15
      },
      "1": {
        "loc": {
          "start": {
            "line": 22,
            "column": 2
          },
          "end": {
            "line": 39,
            "column": 3
          }
        },
        "type": "if",
        "locations": [
          {
            "start": {
              "line": 22,
              "column": 2
            },
            "end": {
              "line": 39,
              "column": 3
            }
          },
          {
            "start": {
              "line": 22,
              "column": 2
            },
            "end": {
              "line": 39,
              "column": 3
            }
          }
        ],
        "line": 22
      },
      "2": {
        "loc": {
          "start": {
            "line": 42,
            "column": 2
          },
          "end": {
            "line": 63,
            "column": 3
          }
        },
        "type": "if",
        "locations": [
          {
            "start": {
              "line": 42,
              "column": 2
            },
            "end": {
              "line": 63,
              "column": 3
            }
          },
          {
            "start": {
              "line": 42,
              "column": 2
            },
            "end": {
              "line": 63,
              "column": 3
            }
          }
        ],
        "line": 42
      },
      "3": {
        "loc": {
          "start": {
            "line": 64,
            "column": 2
          },
          "end": {
            "line": 76,
            "column": 3
          }
        },
        "type": "if",
        "locations": [
          {
            "start": {
              "line": 64,
              "column": 2
            },
            "end": {
              "line": 76,
              "column": 3
            }
          },
          {
            "start": {
              "line": 64,
              "column": 2
            },
            "end": {
              "line": 76,
              "column": 3
            }
          }
        ],
        "line": 64
      },
      "4": {
        "loc": {
          "start": {
            "line": 71,
            "column": 21
          },
          "end": {
            "line": 71,
            "column": 46
          }
        },
        "type": "cond-expr",
        "locations": [
          {
            "start": {
              "line": 71,
              "column": 41
            },
            "end": {
              "line": 71,
              "column": 42
            }
          },
          {
            "start": {
              "line": 71,
              "column": 45
            },
            "end": {
              "line": 71,
              "column": 46
            }
          }
        ],
        "line": 71
      },
      "5": {
        "loc": {
          "start": {
            "line": 102,
            "column": 18
          },
          "end": {
            "line": 102,
            "column": 50
          }
        },
        "type": "binary-expr",
        "locations": [
          {
            "start": {
              "line": 102,
              "column": 18
            },
            "end": {
              "line": 102,
              "column": 35
            }
          },
          {
            "start": {
              "line": 102,
              "column": 39
            },
            "end": {
              "line": 102,
              "column": 50
            }
          }
        ],
        "line": 102
      },
      "6": {
        "loc": {
          "start": {
            "line": 111,
            "column": 8
          },
          "end": {
            "line": 125,
            "column": 9
          }
        },
        "type": "if",
        "locations": [
          {
            "start": {
              "line": 111,
              "column": 8
            },
            "end": {
              "line": 125,
              "column": 9
            }
          },
          {
            "start": {
              "line": 111,
              "column": 8
            },
            "end": {
              "line": 125,
              "column": 9
            }
          }
        ],
        "line": 111
      },
      "7": {
        "loc": {
          "start": {
            "line": 126,
            "column": 8
          },
          "end": {
            "line": 129,
            "column": 9
          }
        },
        "type": "if",
        "locations": [
          {
            "start": {
              "line": 126,
              "column": 8
            },
            "end": {
              "line": 129,
              "column": 9
            }
          },
          {
            "start": {
              "line": 126,
              "column": 8
            },
            "end": {
              "line": 129,
              "column": 9
            }
          }
        ],
        "line": 126
      },
      "8": {
        "loc": {
          "start": {
            "line": 128,
            "column": 27
          },
          "end": {
            "line": 128,
            "column": 45
          }
        },
        "type": "cond-expr",
        "locations": [
          {
            "start": {
              "line": 128,
              "column": 38
            },
            "end": {
              "line": 128,
              "column": 40
            }
          },
          {
            "start": {
              "line": 128,
              "column": 43
            },
            "end": {
              "line": 128,
              "column": 45
            }
          }
        ],
        "line": 128
      }
    },
    "s": {
      "0": 0,
      "1": 0,
      "2": 0,
      "3": 0,
      "4": 0,
      "5": 0,
      "6": 0,
      "7": 0,
      "8": 0,
      "9": 0,
      "10": 0,
      "11": 0,
      "12": 0,
      "13": 0,
      "14": 0,
      "15": 0,
      "16": 0,
      "17": 0,
      "18": 0,
      "19": 0,
      "20": 0,
      "21": 0,
      "22": 0,
      "23": 0,
      "24": 0,
      "25": 0,
      "26": 0,
      "27": 0,
      "28": 0,
      "29": 0,
      "30": 0,
      "31": 0,
      "32": 0,
      "33": 0,
      "34": 0,
      "35": 0,
      "36": 0,
      "37": 0,
      "38": 0,
      "39": 0,
      "40": 0,
      "41": 0,
      "42": 0,
      "43": 0,
      "44": 0,
      "45": 0,
      "46": 0,
      "47": 0,
      "48": 0,
      "49": 0,
      "50": 0,
      "51": 0,
      "52": 0,
      "53": 5,
      "54": 0,
      "55": 0,
      "56": 0,
      "57": 0,
      "58": 0,
      "59": 0,
      "60": 0,
      "61": 0,
      "62": 0,
      "63": 0,
      "64": 0,
      "65": 0,
      "66": 5,
      "67": 0,
      "68": 5,
      "69": 0,
      "70": 0,
      "71": 0,
      "72": 0,
      "73": 0,
      "74": 0,
      "75": 0,
      "76": 0,
      "77": 0,
      "78": 0,
      "79": 0,
      "80": 0,
      "81": 0,
      "82": 0,
      "83": 0,
      "84": 0,
      "85": 5
    },
    "f": {
      "0": 0,
      "1": 0,
      "2": 0,
      "3": 0,
      "4": 5,
      "5": 0,
      "6": 0,
      "7": 0,
      "8": 0,
      "9": 0,
      "10": 0,
      "11": 0,
      "12": 0
    },
    "b": {
      "0": [
        0,
        0
      ],
      "1": [
        0,
        0
      ],
      "2": [
        0,
        0
      ],
      "3": [
        0,
        0
      ],
      "4": [
        0,
        0
      ],
      "5": [
        0,
        0
      ],
      "6": [
        0,
        0
      ],
      "7": [
        0,
        0
      ],
      "8": [
        0,
        0
      ]
    },
    "inputSourceMap": {
      "version": 3,
      "names": [
        "inject",
        "DestroyRef",
        "MatSnackBar",
        "Router",
        "takeUntilDestroyed",
        "SessionService",
        "UserService",
        "MaterialModule",
        "CommonModule",
        "i0",
        "ɵɵelementStart",
        "ɵɵtext",
        "ɵɵelementEnd",
        "ɵɵlistener",
        "MeComponent_Conditional_10_Conditional_7_Template_button_click_3_listener",
        "ɵɵrestoreView",
        "_r1",
        "ctx_r1",
        "ɵɵnextContext",
        "ɵɵresetView",
        "delete",
        "ɵɵtemplate",
        "MeComponent_Conditional_10_Conditional_6_Template",
        "MeComponent_Conditional_10_Conditional_7_Template",
        "ɵɵadvance",
        "ɵɵtextInterpolate2",
        "user",
        "firstName",
        "ɵɵpipeBind1",
        "lastName",
        "ɵɵtextInterpolate1",
        "email",
        "ɵɵconditional",
        "admin",
        "ɵɵpipeBind2",
        "createdAt",
        "updatedAt",
        "MeComponent",
        "router",
        "sessionService",
        "matSnackBar",
        "userService",
        "destroyRef",
        "ngOnInit",
        "getById",
        "sessionInformation",
        "id",
        "toString",
        "pipe",
        "subscribe",
        "back",
        "window",
        "history",
        "open",
        "duration",
        "logOut",
        "navigate",
        "selectors",
        "decls",
        "vars",
        "consts",
        "template",
        "MeComponent_Template",
        "rf",
        "ctx",
        "MeComponent_Template_button_click_4_listener",
        "MeComponent_Conditional_10_Template",
        "i1",
        "UpperCasePipe",
        "DatePipe",
        "i2",
        "MatButton",
        "MatIconButton",
        "i3",
        "MatCard",
        "MatCardContent",
        "MatCardTitle",
        "i4",
        "MatIcon",
        "encapsulation"
      ],
      "sources": [
        "/home/besquiros/projects/oc/project_4/front/src/app/components/me/me.component.ts",
        "/home/besquiros/projects/oc/project_4/front/src/app/components/me/me.component.html"
      ],
      "sourcesContent": [
        "import { Component, OnInit, inject, DestroyRef } from '@angular/core';\nimport { MatSnackBar } from '@angular/material/snack-bar';\nimport { Router } from '@angular/router';\nimport { takeUntilDestroyed } from '@angular/core/rxjs-interop';\nimport { User } from '../../core/models/user.interface';\nimport { SessionService } from '../../core/service/session.service';\nimport { UserService } from '../../core/service/user.service';\nimport { MaterialModule } from \"../../shared/material.module\";\nimport { CommonModule } from \"@angular/common\";\n\n@Component({\n  selector: 'app-me',\n  imports: [CommonModule, MaterialModule],\n  templateUrl: './me.component.html',\n  styleUrls: ['./me.component.scss']\n})\nexport class MeComponent implements OnInit {\n  private router = inject(Router);\n  private sessionService = inject(SessionService);\n  private matSnackBar = inject(MatSnackBar);\n  private userService = inject(UserService);\n  private destroyRef = inject(DestroyRef);\n  public user: User | undefined;\n\n  ngOnInit(): void {\n    this.userService\n      .getById(this.sessionService.sessionInformation!.id.toString())\n      .pipe(takeUntilDestroyed(this.destroyRef))\n      .subscribe((user: User) => this.user = user);\n  }\n\n  public back(): void {\n    window.history.back();\n  }\n\n  public delete(): void {\n    this.userService\n      .delete(this.sessionService.sessionInformation!.id.toString())\n      .subscribe(() => {\n        this.matSnackBar.open(\"Your account has been deleted !\", 'Close', { duration: 3000 });\n        this.sessionService.logOut();\n        this.router.navigate(['/']);\n      })\n  }\n\n}\n",
        "<div class=\"m3\">\n  <mat-card>\n    <mat-card-title>\n      <div fxLayout=\"row\" fxLayoutAlign=\"start center\">\n        <button mat-icon-button (click)=\"back()\">\n          <mat-icon>arrow_back</mat-icon>\n        </button>\n        <h1>User information</h1>\n      </div>\n    </mat-card-title>\n    <mat-card-content>\n      @if (user) {\n        <div fxLayout=\"column\" fxLayoutAlign=\"start center\">\n          <p>Name: {{ user.firstName }} {{ user.lastName | uppercase }}</p>\n          <p>Email: {{ user.email }}</p>\n          @if (user.admin) {\n            <p class=\"my2\">You are admin</p>\n          } @else {\n            <div fxLayout=\"column\" class=\"my2\" fxLayoutAlign=\"center center\">\n              <p>Delete my account:</p>\n              <button mat-raised-button color=\"warn\" (click)=\"delete()\">\n                <mat-icon>delete</mat-icon>\n                <span class=\"ml1\">Detail</span>\n              </button>\n            </div>\n          }\n          <div fxLayoutAlign=\"space-between center\" class=\"p2 w100\">\n            <p><i>Create at: </i> {{ user.createdAt | date: 'longDate'}}</p>\n            <p><i>Last update: </i> {{ user.updatedAt| date: 'longDate'}}</p>\n          </div>\n        </div>\n      }\n    </mat-card-content>\n  </mat-card>\n</div>\n"
      ],
      "mappings": "AAAA,SAA4BA,MAAM,EAAEC,UAAU,QAAQ,eAAe;AACrE,SAASC,WAAW,QAAQ,6BAA6B;AACzD,SAASC,MAAM,QAAQ,iBAAiB;AACxC,SAASC,kBAAkB,QAAQ,4BAA4B;AAE/D,SAASC,cAAc,QAAQ,oCAAoC;AACnE,SAASC,WAAW,QAAQ,iCAAiC;AAC7D,SAASC,cAAc,QAAQ,8BAA8B;AAC7D,SAASC,YAAY,QAAQ,iBAAiB;;;;;;;;ICQlCC,EAAA,CAAAC,cAAA,WAAe;IAAAD,EAAA,CAAAE,MAAA,oBAAa;IAAAF,EAAA,CAAAG,YAAA,EAAI;;;;;;IAG9BH,EADF,CAAAC,cAAA,aAAiE,QAC5D;IAAAD,EAAA,CAAAE,MAAA,yBAAkB;IAAAF,EAAA,CAAAG,YAAA,EAAI;IACzBH,EAAA,CAAAC,cAAA,gBAA0D;IAAnBD,EAAA,CAAAI,UAAA,mBAAAC,0EAAA;MAAAL,EAAA,CAAAM,aAAA,CAAAC,GAAA;MAAA,MAAAC,MAAA,GAAAR,EAAA,CAAAS,aAAA;MAAA,OAAAT,EAAA,CAAAU,WAAA,CAASF,MAAA,CAAAG,MAAA,EAAQ;IAAA,EAAC;IACvDX,EAAA,CAAAC,cAAA,eAAU;IAAAD,EAAA,CAAAE,MAAA,aAAM;IAAAF,EAAA,CAAAG,YAAA,EAAW;IAC3BH,EAAA,CAAAC,cAAA,cAAkB;IAAAD,EAAA,CAAAE,MAAA,aAAM;IAE5BF,EAF4B,CAAAG,YAAA,EAAO,EACxB,EACL;;;;;IAXRH,EADF,CAAAC,cAAA,aAAoD,QAC/C;IAAAD,EAAA,CAAAE,MAAA,GAA0D;;IAAAF,EAAA,CAAAG,YAAA,EAAI;IACjEH,EAAA,CAAAC,cAAA,QAAG;IAAAD,EAAA,CAAAE,MAAA,GAAuB;IAAAF,EAAA,CAAAG,YAAA,EAAI;IAG5BH,EAFF,CAAAY,UAAA,IAAAC,iDAAA,eAAkB,IAAAC,iDAAA,iBAET;IAUJd,EADL,CAAAC,cAAA,aAA0D,QACrD,SAAG;IAAAD,EAAA,CAAAE,MAAA,mBAAW;IAAAF,EAAA,CAAAG,YAAA,EAAI;IAACH,EAAA,CAAAE,MAAA,IAAsC;;IAAAF,EAAA,CAAAG,YAAA,EAAI;IAC7DH,EAAH,CAAAC,cAAA,SAAG,SAAG;IAAAD,EAAA,CAAAE,MAAA,qBAAa;IAAAF,EAAA,CAAAG,YAAA,EAAI;IAACH,EAAA,CAAAE,MAAA,IAAqC;;IAEjEF,EAFiE,CAAAG,YAAA,EAAI,EAC7D,EACF;;;;IAjBDH,EAAA,CAAAe,SAAA,GAA0D;IAA1Df,EAAA,CAAAgB,kBAAA,WAAAR,MAAA,CAAAS,IAAA,CAAAC,SAAA,OAAAlB,EAAA,CAAAmB,WAAA,OAAAX,MAAA,CAAAS,IAAA,CAAAG,QAAA,MAA0D;IAC1DpB,EAAA,CAAAe,SAAA,GAAuB;IAAvBf,EAAA,CAAAqB,kBAAA,YAAAb,MAAA,CAAAS,IAAA,CAAAK,KAAA,KAAuB;IAC1BtB,EAAA,CAAAe,SAAA,EAUC;IAVDf,EAAA,CAAAuB,aAAA,CAAAf,MAAA,CAAAS,IAAA,CAAAO,KAAA,SAUC;IAEuBxB,EAAA,CAAAe,SAAA,GAAsC;IAAtCf,EAAA,CAAAqB,kBAAA,MAAArB,EAAA,CAAAyB,WAAA,QAAAjB,MAAA,CAAAS,IAAA,CAAAS,SAAA,kBAAsC;IACpC1B,EAAA,CAAAe,SAAA,GAAqC;IAArCf,EAAA,CAAAqB,kBAAA,MAAArB,EAAA,CAAAyB,WAAA,SAAAjB,MAAA,CAAAS,IAAA,CAAAU,SAAA,kBAAqC;;;ADZzE,WAAaC,WAAW;EAAlB,MAAOA,WAAW;IACdC,MAAM,GAAGtC,MAAM,CAACG,MAAM,CAAC;IACvBoC,cAAc,GAAGvC,MAAM,CAACK,cAAc,CAAC;IACvCmC,WAAW,GAAGxC,MAAM,CAACE,WAAW,CAAC;IACjCuC,WAAW,GAAGzC,MAAM,CAACM,WAAW,CAAC;IACjCoC,UAAU,GAAG1C,MAAM,CAACC,UAAU,CAAC;IAChCyB,IAAI;IAEXiB,QAAQA,CAAA;MACN,IAAI,CAACF,WAAW,CACbG,OAAO,CAAC,IAAI,CAACL,cAAc,CAACM,kBAAmB,CAACC,EAAE,CAACC,QAAQ,EAAE,CAAC,CAC9DC,IAAI,CAAC5C,kBAAkB,CAAC,IAAI,CAACsC,UAAU,CAAC,CAAC,CACzCO,SAAS,CAAEvB,IAAU,IAAK,IAAI,CAACA,IAAI,GAAGA,IAAI,CAAC;IAChD;IAEOwB,IAAIA,CAAA;MACTC,MAAM,CAACC,OAAO,CAACF,IAAI,EAAE;IACvB;IAEO9B,MAAMA,CAAA;MACX,IAAI,CAACqB,WAAW,CACbrB,MAAM,CAAC,IAAI,CAACmB,cAAc,CAACM,kBAAmB,CAACC,EAAE,CAACC,QAAQ,EAAE,CAAC,CAC7DE,SAAS,CAAC,MAAK;QACd,IAAI,CAACT,WAAW,CAACa,IAAI,CAAC,iCAAiC,EAAE,OAAO,EAAE;UAAEC,QAAQ,EAAE;QAAI,CAAE,CAAC;QACrF,IAAI,CAACf,cAAc,CAACgB,MAAM,EAAE;QAC5B,IAAI,CAACjB,MAAM,CAACkB,QAAQ,CAAC,CAAC,GAAG,CAAC,CAAC;MAC7B,CAAC,CAAC;IACN;;uCA3BWnB,WAAW;IAAA;;YAAXA,WAAW;MAAAoB,SAAA;MAAAC,KAAA;MAAAC,IAAA;MAAAC,MAAA;MAAAC,QAAA,WAAAC,qBAAAC,EAAA,EAAAC,GAAA;QAAA,IAAAD,EAAA;UCZhBtD,EAJR,CAAAC,cAAA,aAAgB,eACJ,qBACQ,aACmC,gBACN;UAAjBD,EAAA,CAAAI,UAAA,mBAAAoD,6CAAA;YAAA,OAASD,GAAA,CAAAd,IAAA,EAAM;UAAA,EAAC;UACtCzC,EAAA,CAAAC,cAAA,eAAU;UAAAD,EAAA,CAAAE,MAAA,iBAAU;UACtBF,EADsB,CAAAG,YAAA,EAAW,EACxB;UACTH,EAAA,CAAAC,cAAA,SAAI;UAAAD,EAAA,CAAAE,MAAA,uBAAgB;UAExBF,EAFwB,CAAAG,YAAA,EAAK,EACrB,EACS;UACjBH,EAAA,CAAAC,cAAA,uBAAkB;UAChBD,EAAA,CAAAY,UAAA,KAAA6C,mCAAA,mBAAY;UAuBlBzD,EAFI,CAAAG,YAAA,EAAmB,EACV,EACP;;;UAvBAH,EAAA,CAAAe,SAAA,IAoBC;UApBDf,EAAA,CAAAuB,aAAA,CAAAgC,GAAA,CAAAtC,IAAA,WAoBC;;;qBDnBKlB,YAAY,EAAA2D,EAAA,CAAAC,aAAA,EAAAD,EAAA,CAAAE,QAAA,EAAE9D,cAAc,EAAA+D,EAAA,CAAAC,SAAA,EAAAD,EAAA,CAAAE,aAAA,EAAAC,EAAA,CAAAC,OAAA,EAAAD,EAAA,CAAAE,cAAA,EAAAF,EAAA,CAAAG,YAAA,EAAAC,EAAA,CAAAC,OAAA;MAAAC,aAAA;IAAA;;SAI3B1C,WAAW;AAAA",
      "ignoreList": []
    },
    "_coverageSchema": "1a1c01bbd47fc00a2c39e90264f33305004495a9",
    "hash": "614a0e17cd4774b3cc5e7ef7426dc998add344ec"
  },
  "/home/besquiros/projects/oc/project_4/front/src/app/pages/not-found/not-found.component.ts": {
    "path": "/home/besquiros/projects/oc/project_4/front/src/app/pages/not-found/not-found.component.ts",
    "statementMap": {
      "0": {
        "start": {
          "line": 2,
          "column": 44
        },
        "end": {
          "line": 24,
          "column": 4
        }
      },
      "1": {
        "start": {
          "line": 4,
          "column": 18
        },
        "end": {
          "line": 6,
          "column": 5
        }
      },
      "2": {
        "start": {
          "line": 5,
          "column": 6
        },
        "end": {
          "line": 5,
          "column": 60
        }
      },
      "3": {
        "start": {
          "line": 7,
          "column": 31
        },
        "end": {
          "line": 21,
          "column": 6
        }
      },
      "4": {
        "start": {
          "line": 14,
          "column": 8
        },
        "end": {
          "line": 18,
          "column": 9
        }
      },
      "5": {
        "start": {
          "line": 15,
          "column": 10
        },
        "end": {
[...]
        "start": {
          "line": 45,
          "column": 13
        },
        "end": {
          "line": 45,
          "column": 27
        }
      },
      "27": {
        "start": {
          "line": 46,
          "column": 21
        },
        "end": {
          "line": 46,
          "column": 43
        }
      },
      "28": {
        "start": {
          "line": 47,
          "column": 15
        },
        "end": {
          "line": 49,
          "column": 6
        }
      },
      "29": {
        "start": {
          "line": 51,
          "column": 6
        },
        "end": {
          "line": 51,
          "column": 35
        }
      },
      "30": {
        "start": {
          "line": 52,
          "column": 6
        },
        "end": {
          "line": 52,
          "column": 33
        }
      },
      "31": {
        "start": {
          "line": 54,
          "column": 18
        },
        "end": {
          "line": 56,
          "column": 5
        }
      },
      "32": {
        "start": {
          "line": 55,
          "column": 6
        },
        "end": {
          "line": 55,
          "column": 55
        }
      },
      "33": {
        "start": {
          "line": 57,
          "column": 31
        },
        "end": {
          "line": 81,
          "column": 6
        }
      },
      "34": {
        "start": {
          "line": 64,
          "column": 8
        },
        "end": {
          "line": 73,
          "column": 9
        }
      },
      "35": {
        "start": {
          "line": 65,
          "column": 10
        },
        "end": {
          "line": 65,
          "column": 73
        }
      },
      "36": {
        "start": {
          "line": 66,
          "column": 10
        },
        "end": {
          "line": 66,
          "column": 35
        }
      },
      "37": {
        "start": {
          "line": 67,
          "column": 10
        },
        "end": {
          "line": 67,
          "column": 28
        }
      },
      "38": {
        "start": {
          "line": 68,
          "column": 10
        },
        "end": {
          "line": 68,
          "column": 130
        }
      },
      "39": {
        "start": {
          "line": 69,
          "column": 10
        },
        "end": {
          "line": 69,
          "column": 28
        }
      },
      "40": {
        "start": {
          "line": 70,
          "column": 10
        },
        "end": {
          "line": 70,
          "column": 38
        }
      },
      "41": {
        "start": {
          "line": 71,
          "column": 10
        },
        "end": {
          "line": 71,
          "column": 43
        }
      },
      "42": {
        "start": {
          "line": 72,
          "column": 10
        },
        "end": {
          "line": 72,
          "column": 30
        }
      },
      "43": {
        "start": {
          "line": 74,
          "column": 8
        },
        "end": {
          "line": 77,
          "column": 9
        }
      },
      "44": {
        "start": {
          "line": 75,
          "column": 10
        },
        "end": {
          "line": 75,
          "column": 26
        }
      },
      "45": {
        "start": {
          "line": 76,
          "column": 10
        },
        "end": {
          "line": 76,
          "column": 51
        }
      },
      "46": {
        "start": {
          "line": 83,
          "column": 2
        },
        "end": {
          "line": 83,
          "column": 22
        }
      }
    },
    "fnMap": {
      "0": {
        "name": "AppComponent_Conditional_4_Template",
        "decl": {
          "start": {
            "line": 10,
            "column": 9
          },
          "end": {
            "line": 10,
            "column": 44
          }
        },
        "loc": {
          "start": {
            "line": 10,
            "column": 54
          },
          "end": {
            "line": 32,
            "column": 1
          }
        },
        "line": 10
      },
      "1": {
        "name": "AppComponent_Conditional_4_Template_span_click_5_listener",
        "decl": {
          "start": {
            "line": 20,
            "column": 36
          },
          "end": {
            "line": 20,
            "column": 93
          }
        },
        "loc": {
          "start": {
            "line": 20,
            "column": 96
          },
          "end": {
            "line": 24,
            "column": 5
          }
        },
        "line": 20
      },
      "2": {
        "name": "AppComponent_Conditional_4_Template_span_keydown_enter_5_listener",
        "decl": {
          "start": {
            "line": 24,
            "column": 33
          },
          "end": {
            "line": 24,
            "column": 98
          }
        },
        "loc": {
          "start": {
            "line": 24,
            "column": 101
          },
          "end": {
            "line": 28,
            "column": 5
          }
        },
        "line": 24
      },
      "3": {
        "name": "AppComponent_Conditional_5_Template",
        "decl": {
          "start": {
            "line": 33,
            "column": 9
          },
          "end": {
            "line": 33,
            "column": 44
          }
        },
        "loc": {
          "start": {
            "line": 33,
            "column": 54
          },
          "end": {
            "line": 42,
            "column": 1
          }
        },
        "line": 33
      },
      "4": {
        "name": "(anonymous_4)",
        "decl": {
          "start": {
            "line": 43,
            "column": 40
          },
          "end": {
            "line": 43,
            "column": 41
          }
        },
        "loc": {
          "start": {
            "line": 43,
            "column": 46
          },
          "end": {
            "line": 84,
            "column": 1
          }
        },
        "line": 43
      },
      "5": {
        "name": "(anonymous_5)",
        "decl": {
          "start": {
            "line": 50,
            "column": 4
          },
          "end": {
            "line": 50,
            "column": 5
          }
        },
        "loc": {
          "start": {
            "line": 50,
            "column": 13
          },
          "end": {
            "line": 53,
            "column": 5
          }
        },
        "line": 50
      },
      "6": {
        "name": "AppComponent_Factory",
        "decl": {
          "start": {
            "line": 54,
            "column": 27
          },
          "end": {
            "line": 54,
            "column": 47
          }
        },
        "loc": {
          "start": {
            "line": 54,
            "column": 67
          },
          "end": {
            "line": 56,
            "column": 5
          }
        },
        "line": 54
      },
      "7": {
        "name": "AppComponent_Template",
        "decl": {
          "start": {
            "line": 63,
            "column": 25
          },
          "end": {
            "line": 63,
            "column": 46
          }
        },
        "loc": {
          "start": {
            "line": 63,
            "column": 56
          },
          "end": {
            "line": 78,
            "column": 7
          }
        },
        "line": 63
      }
    },
    "branchMap": {
      "0": {
        "loc": {
          "start": {
            "line": 11,
            "column": 2
          },
          "end": {
            "line": 31,
            "column": 3
          }
        },
        "type": "if",
        "locations": [
          {
            "start": {
              "line": 11,
              "column": 2
            },
            "end": {
              "line": 31,
              "column": 3
            }
          },
          {
            "start": {
              "line": 11,
              "column": 2
            },
            "end": {
              "line": 31,
              "column": 3
            }
          }
        ],
        "line": 11
      },
      "1": {
        "loc": {
          "start": {
            "line": 34,
            "column": 2
          },
          "end": {
            "line": 41,
            "column": 3
          }
        },
        "type": "if",
        "locations": [
          {
            "start": {
              "line": 34,
              "column": 2
            },
            "end": {
              "line": 41,
              "column": 3
            }
          },
          {
            "start": {
              "line": 34,
              "column": 2
            },
            "end": {
              "line": 41,
              "column": 3
            }
          }
        ],
        "line": 34
      },
      "2": {
        "loc": {
          "start": {
            "line": 55,
            "column": 18
          },
          "end": {
            "line": 55,
            "column": 51
          }
        },
        "type": "binary-expr",
        "locations": [
          {
            "start": {
              "line": 55,
              "column": 18
            },
            "end": {
              "line": 55,
              "column": 35
            }
          },
          {
            "start": {
              "line": 55,
              "column": 39
            },
            "end": {
              "line": 55,
              "column": 51
            }
          }
        ],
        "line": 55
      },
      "3": {
        "loc": {
          "start": {
            "line": 64,
            "column": 8
          },
          "end": {
            "line": 73,
            "column": 9
          }
        },
        "type": "if",
        "locations": [
          {
            "start": {
              "line": 64,
              "column": 8
            },
            "end": {
              "line": 73,
              "column": 9
            }
          },
          {
            "start": {
              "line": 64,
              "column": 8
            },
            "end": {
              "line": 73,
              "column": 9
            }
          }
        ],
        "line": 64
      },
      "4": {
        "loc": {
          "start": {
            "line": 74,
            "column": 8
          },
          "end": {
            "line": 77,
            "column": 9
          }
        },
        "type": "if",
        "locations": [
          {
            "start": {
              "line": 74,
              "column": 8
            },
            "end": {
              "line": 77,
              "column": 9
            }
          },
          {
            "start": {
              "line": 74,
              "column": 8
            },
            "end": {
              "line": 77,
              "column": 9
            }
          }
        ],
        "line": 74
      },
      "5": {
        "loc": {
          "start": {
            "line": 76,
            "column": 27
          },
          "end": {
            "line": 76,
            "column": 49
          }
        },
        "type": "cond-expr",
        "locations": [
          {
            "start": {
              "line": 76,
              "column": 44
            },
            "end": {
              "line": 76,
              "column": 45
            }
          },
          {
            "start": {
              "line": 76,
              "column": 48
            },
            "end": {
              "line": 76,
              "column": 49
            }
          }
        ],
        "line": 76
      }
    },
    "s": {
      "0": 6,
      "1": 2,
      "2": 2,
      "3": 2,
      "4": 2,
      "5": 2,
      "6": 2,
      "7": 2,
      "8": 2,
      "9": 2,
      "10": 2,
      "11": 2,
      "12": 2,
      "13": 0,
      "14": 0,
      "15": 0,
      "16": 2,
      "17": 2,
      "18": 75,
      "19": 7,
      "20": 7,
      "21": 7,
      "22": 7,
      "23": 7,
      "24": 7,
      "25": 5,
      "26": 5,
      "27": 5,
      "28": 5,
      "29": 2,
      "30": 2,
      "31": 5,
      "32": 5,
      "33": 5,
      "34": 77,
      "35": 5,
      "36": 5,
      "37": 5,
      "38": 5,
      "39": 5,
      "40": 5,
      "41": 5,
      "42": 5,
      "43": 77,
      "44": 72,
      "45": 72,
      "46": 5
    },
    "f": {
      "0": 6,
      "1": 2,
      "2": 0,
      "3": 75,
      "4": 5,
      "5": 2,
      "6": 5,
      "7": 77
    },
    "b": {
      "0": [
        2,
        4
      ],
      "1": [
        7,
        68
      ],
      "2": [
        5,
        5
      ],
      "3": [
        5,
        72
      ],
      "4": [
        72,
        5
      ],
      "5": [
        4,
        68
      ]
    },
    "inputSourceMap": {
      "version": 3,
      "names": [
        "inject",
        "Router",
        "RouterModule",
        "RouterOutlet",
        "toSignal",
        "SessionService",
        "CommonModule",
        "MaterialModule",
        "i0",
        "ɵɵelementStart",
        "ɵɵtext",
        "ɵɵelementEnd",
        "ɵɵlistener",
        "AppComponent_Conditional_4_Template_span_click_5_listener",
        "ɵɵrestoreView",
        "_r1",
        "ctx_r1",
        "ɵɵnextContext",
        "ɵɵresetView",
        "logout",
        "AppComponent_Conditional_4_Template_span_keydown_enter_5_listener",
        "AppComponent",
        "router",
        "sessionService",
        "isLogged",
        "$isLogged",
        "initialValue",
        "logOut",
        "navigate",
        "selectors",
        "decls",
        "vars",
        "consts",
        "template",
        "AppComponent_Template",
        "rf",
        "ctx",
        "ɵɵtemplate",
        "AppComponent_Conditional_4_Template",
        "AppComponent_Conditional_5_Template",
        "ɵɵelement",
        "ɵɵadvance",
        "ɵɵconditional",
        "i1",
        "MatToolbar",
        "i2",
        "RouterLink",
        "RouterLinkActive",
        "styles"
      ],
      "sources": [
        "/home/besquiros/projects/oc/project_4/front/src/app/app.component.ts",
        "/home/besquiros/projects/oc/project_4/front/src/app/app.component.html"
      ],
      "sourcesContent": [
        "import { Component, inject } from '@angular/core';\nimport { Router, RouterModule, RouterOutlet } from '@angular/router';\nimport { toSignal } from '@angular/core/rxjs-interop';\nimport { SessionService } from './core/service/session.service';\nimport { CommonModule } from \"@angular/common\";\nimport { MaterialModule } from \"./shared/material.module\";\n\n@Component({\n  selector: 'app-root',\n  imports: [CommonModule, MaterialModule, RouterOutlet, RouterModule],\n  templateUrl: './app.component.html',\n  styleUrls: ['./app.component.scss']\n})\nexport class AppComponent {\n  private router = inject(Router);\n  private sessionService = inject(SessionService);\n\n  public isLogged = toSignal(this.sessionService.$isLogged(), { initialValue: false });\n\n  public logout(): void {\n    this.sessionService.logOut();\n    this.router.navigate(['']);\n  }\n}\n",
        "<div class=\"app\">\n  <mat-toolbar color=\"primary\" fxLayout=\"row\" fxLayoutAlign=\"space-between center\">\n    <span>Yoga app</span>\n    @if (isLogged()) {\n      <div>\n        <span routerLink=\"sessions\" class=\"link\">Sessions</span>\n        <span routerLink=\"me\" class=\"link\">Account</span>\n        <span (click)=\"logout()\" (keydown.enter)=\"logout()\" tabindex=\"0\" role=\"button\" class=\"link\">Logout</span>\n      </div>\n    } @else {\n      <div>\n        <a routerLink=\"/login\" routerLinkActive=\"active\" class=\"link\">Login</a>\n        <a routerLink=\"/register\" routerLinkActive=\"active\" class=\"link\">Register</a>\n      </div>\n    }\n  </mat-toolbar>\n  <div>\n    <router-outlet></router-outlet>\n  </div>\n</div>\n"
      ],
      "mappings": "AAAA,SAAoBA,MAAM,QAAQ,eAAe;AACjD,SAASC,MAAM,EAAEC,YAAY,EAAEC,YAAY,QAAQ,iBAAiB;AACpE,SAASC,QAAQ,QAAQ,4BAA4B;AACrD,SAASC,cAAc,QAAQ,gCAAgC;AAC/D,SAASC,YAAY,QAAQ,iBAAiB;AAC9C,SAASC,cAAc,QAAQ,0BAA0B;;;;;;;ICAjDC,EADF,CAAAC,cAAA,UAAK,cACsC;IAAAD,EAAA,CAAAE,MAAA,eAAQ;IAAAF,EAAA,CAAAG,YAAA,EAAO;IACxDH,EAAA,CAAAC,cAAA,cAAmC;IAAAD,EAAA,CAAAE,MAAA,cAAO;IAAAF,EAAA,CAAAG,YAAA,EAAO;IACjDH,EAAA,CAAAC,cAAA,cAA4F;IAAnED,EAAnB,CAAAI,UAAA,mBAAAC,0DAAA;MAAAL,EAAA,CAAAM,aAAA,CAAAC,GAAA;MAAA,MAAAC,MAAA,GAAAR,EAAA,CAAAS,aAAA;MAAA,OAAAT,EAAA,CAAAU,WAAA,CAASF,MAAA,CAAAG,MAAA,EAAQ;IAAA,EAAC,2BAAAC,kEAAA;MAAAZ,EAAA,CAAAM,aAAA,CAAAC,GAAA;MAAA,MAAAC,MAAA,GAAAR,EAAA,CAAAS,aAAA;MAAA,OAAAT,EAAA,CAAAU,WAAA,CAAkBF,MAAA,CAAAG,MAAA,EAAQ;IAAA,EAAC;IAAyCX,EAAA,CAAAE,MAAA,aAAM;IACpGF,EADoG,CAAAG,YAAA,EAAO,EACrG;;;;;IAGJH,EADF,CAAAC,cAAA,UAAK,WAC2D;IAAAD,EAAA,CAAAE,MAAA,YAAK;IAAAF,EAAA,CAAAG,YAAA,EAAI;IACvEH,EAAA,CAAAC,cAAA,WAAiE;IAAAD,EAAA,CAAAE,MAAA,eAAQ;IAC3EF,EAD2E,CAAAG,YAAA,EAAI,EACzE;;;ADAZ,WAAaU,YAAY;EAAnB,MAAOA,YAAY;IACfC,MAAM,GAAGtB,MAAM,CAACC,MAAM,CAAC;IACvBsB,cAAc,GAAGvB,MAAM,CAACK,cAAc,CAAC;IAExCmB,QAAQ,GAAGpB,QAAQ,CAAC,IAAI,CAACmB,cAAc,CAACE,SAAS,EAAE,EAAE;MAAEC,YAAY,EAAE;IAAK,CAAE,CAAC;IAE7EP,MAAMA,CAAA;MACX,IAAI,CAACI,cAAc,CAACI,MAAM,EAAE;MAC5B,IAAI,CAACL,MAAM,CAACM,QAAQ,CAAC,CAAC,EAAE,CAAC,CAAC;IAC5B;;uCATWP,YAAY;IAAA;;YAAZA,YAAY;MAAAQ,SAAA;MAAAC,KAAA;MAAAC,IAAA;MAAAC,MAAA;MAAAC,QAAA,WAAAC,sBAAAC,EAAA,EAAAC,GAAA;QAAA,IAAAD,EAAA;UCXrB3B,EAFJ,CAAAC,cAAA,aAAiB,qBACkE,WACzE;UAAAD,EAAA,CAAAE,MAAA,eAAQ;UAAAF,EAAA,CAAAG,YAAA,EAAO;UAOnBH,EANF,CAAA6B,UAAA,IAAAC,mCAAA,cAAkB,IAAAC,mCAAA,cAMT;UAMX/B,EAAA,CAAAG,YAAA,EAAc;UACdH,EAAA,CAAAC,cAAA,UAAK;UACHD,EAAA,CAAAgC,SAAA,oBAA+B;UAEnChC,EADE,CAAAG,YAAA,EAAM,EACF;;;UAhBFH,EAAA,CAAAiC,SAAA,GAWC;UAXDjC,EAAA,CAAAkC,aAAA,CAAAN,GAAA,CAAAZ,QAAA,WAWC;;;qBDLOlB,YAAY,EAAEC,cAAc,EAAAoC,EAAA,CAAAC,UAAA,EAAEzC,YAAY,EAAED,YAAY,EAAA2C,EAAA,CAAAC,UAAA,EAAAD,EAAA,CAAAE,gBAAA;MAAAC,MAAA;IAAA;;SAIvD3B,YAAY;AAAA",
      "ignoreList": []
    },
    "_coverageSchema": "1a1c01bbd47fc00a2c39e90264f33305004495a9",
    "hash": "212e01d9cfbf3d24538a028d48425bf926a5d68b"
  },
  "/home/besquiros/projects/oc/project_4/front/src/main.ts": {
    "path": "/home/besquiros/projects/oc/project_4/front/src/main.ts",
    "statementMap": {
      "0": {
        "start": {
          "line": 4,
          "column": 0
        },
        "end": {
          "line": 4,
          "column": 79
        }
      },
      "1": {
        "start": {
          "line": 4,
          "column": 59
        },
        "end": {
          "line": 4,
          "column": 77
        }
      }
    },
    "fnMap": {
      "0": {
        "name": "(anonymous_0)",
        "decl": {
          "start": {
            "line": 4,
            "column": 52
          },
          "end": {
            "line": 4,
            "column": 53
          }
        },
        "loc": {
          "start": {
            "line": 4,
            "column": 59
          },
          "end": {
            "line": 4,
            "column": 77
          }
        },
        "line": 4
      }
    },
    "branchMap": {},
    "s": {
      "0": 5,
      "1": 0
    },
    "f": {
      "0": 0
    },
    "b": {},
    "inputSourceMap": {
      "version": 3,
      "names": [
        "bootstrapApplication",
        "appConfig",
        "AppComponent",
        "catch",
        "err",
        "console",
        "error"
      ],
      "sources": [
        "/home/besquiros/projects/oc/project_4/front/src/main.ts"
      ],
      "sourcesContent": [
        "import { bootstrapApplication } from '@angular/platform-browser';\nimport { appConfig } from './app/app.config';\nimport { AppComponent } from './app/app.component';\n\nbootstrapApplication(AppComponent, appConfig)\n  .catch((err) => console.error(err));\n"
      ],
      "mappings": "AAAA,SAASA,oBAAoB,QAAQ,2BAA2B;AAChE,SAASC,SAAS,QAAQ,kBAAkB;AAC5C,SAASC,YAAY,QAAQ,qBAAqB;AAElDF,oBAAoB,CAACE,YAAY,EAAED,SAAS,CAAC,CAC1CE,KAAK,CAAEC,GAAG,IAAKC,OAAO,CAACC,KAAK,CAACF,GAAG,CAAC,CAAC",
      "ignoreList": []
    },
    "_coverageSchema": "1a1c01bbd47fc00a2c39e90264f33305004495a9",
    "hash": "80984a85262c6522daec2fa3d59cb0b77120e33b"
  }
}